<?xml version="1.0" encoding="UTF-8"?>
<!-- Generated by org.testng.reporters.JUnitReportReporter -->
<testsuite hostname="PC" failures="0" tests="1" name="Day12_Checkbox.Day12_Checkbox" time="54.600" errors="0" timestamp="2025-05-25T19:18:18 GMT+07:00" skipped="0">
  <testcase classname="Day12_Checkbox.Day12_Checkbox" name="clickCheckbox" time="54.600"/>
</testsuite> <!-- Day12_Checkbox.Day12_Checkbox -->
