<?xml version="1.0" encoding="UTF-8"?>
<!-- Generated by org.testng.reporters.JUnitReportReporter -->
<testsuite hostname="PC" failures="0" tests="3" name="BTVN_Day13.Logintest" time="10.059" errors="0" timestamp="2025-05-30T14:39:35 GMT+07:00" skipped="0">
  <testcase classname="BTVN_Day13.Logintest" name="loginFaill_IncorrectEmail" time="3.660"/>
  <testcase classname="BTVN_Day13.Logintest" name="LoginSuccessfully" time="3.407"/>
  <testcase classname="BTVN_Day13.Logintest" name="loginFail_IncorrectPassword" time="2.992"/>
</testsuite> <!-- BTVN_Day13.Logintest -->
