<?xml version="1.0" encoding="UTF-8"?>
<!-- Generated by org.testng.reporters.JUnitReportReporter -->
<testsuite hostname="PC" failures="0" tests="1" name="BTVNDay12.Checkdropdownlist" time="4.331" errors="0" timestamp="2025-05-25T11:05:46 GMT+07:00" skipped="0">
  <testcase classname="BTVNDay12.Checkdropdownlist" name="selectCountryFromDropdown" time="4.331"/>
</testsuite> <!-- BTVNDay12.Checkdropdownlist -->
