<?xml version="1.0" encoding="UTF-8"?>
<!-- Generated by org.testng.reporters.JUnitReportReporter -->
<testsuite hostname="PC" failures="0" tests="4" name="BTVN_Day13.LoginTest_" time="34.591" errors="0" timestamp="2025-06-04T16:33:53 GMT+07:00" skipped="0">
  <testcase classname="BTVN_Day13.LoginTest_" name="LoginFail_IncorrectEmail" time="8.075"/>
  <testcase classname="BTVN_Day13.LoginTest_" name="LoginFail_IncorrectPassword" time="7.936"/>
  <testcase classname="BTVN_Day13.LoginTest_" name="LoginFunction" time="5.984"/>
  <testcase classname="BTVN_Day13.LoginTest_" name="LogoutFunction" time="12.596"/>
</testsuite> <!-- BTVN_Day13.LoginTest_ -->
