<?xml version="1.0" encoding="UTF-8"?>
<!-- Generated by org.testng.reporters.JUnitReportReporter -->
<testsuite hostname="PC" failures="0" tests="3" name="BTVN_Day13.AladaTest" time="6.510" errors="0" timestamp="2025-06-04T16:28:32 GMT+07:00" skipped="0">
  <testcase classname="BTVN_Day13.AladaTest" name="registerAccount" time="3.715"/>
  <testcase classname="BTVN_Day13.AladaTest" name="changePassword" time="2.262"/>
  <testcase classname="BTVN_Day13.AladaTest" name="testClickLoginButton" time="0.533"/>
</testsuite> <!-- BTVN_Day13.AladaTest -->
