<?xml version="1.0" encoding="UTF-8"?>
<!-- Generated by org.testng.reporters.JUnitReportReporter -->
<testsuite hostname="PC" failures="0" tests="3" name="BTVN_Day13.CRMStar_Factory_Test" time="19.964" errors="0" timestamp="2025-06-01T21:16:57 GMT+07:00" skipped="0">
  <testcase classname="BTVN_Day13.CRMStar_Factory_Test" name="loginSuccessfully" time="5.828"/>
  <testcase classname="BTVN_Day13.CRMStar_Factory_Test" name="loginFail_IncorrectEmail" time="6.985"/>
  <testcase classname="BTVN_Day13.CRMStar_Factory_Test" name="loginFail_IncorrectPassword" time="7.151"/>
</testsuite> <!-- BTVN_Day13.CRMStar_Factory_Test -->
